<?xml version="1.0" encoding="UTF-8"?>
<!-- Generated by org.testng.reporters.JUnitXMLReporter -->
<testsuite ignored="2" hostname="DESKTOP-V5VMT0A" failures="0" tests="5" name="Test" time="9.448" errors="0" timestamp="2022-08-08T13:35:58 IST">
  <testcase classname="TestMethods.TestNgMethods" name="validateLogin" time="1.177"/>
  <testcase classname="TestMethods.TestNgMethods" name="validateTitle" time="0.021"/>
  <testcase classname="TestMethods.DashboardMethods" name="searchSharesTest" time="6.866"/>
  <testcase classname="TestMethods.DashboardMethods" name="validateBuyShare" time="0.585"/>
  <testcase classname="TestMethods.DashboardMethods" name="validateshare" time="0.536"/>
  <testcase classname="TestMethods.BaseCodeFile" name="@AfterSuite tearDown" time="0.0">
    <ignored/>
  </testcase> <!-- @AfterSuite tearDown -->
  <testcase classname="TestMethods.BaseCodeFile" name="@BeforeSuite initBrowser" time="0.0">
    <ignored/>
  </testcase> <!-- @BeforeSuite initBrowser -->
</testsuite> <!-- Test -->
