<?xml version="1.0" encoding="UTF-8"?>
<testng-results ignored="2" total="7" passed="5" failed="0" skipped="0">
  <reporter-output>
  </reporter-output>
  <suite started-at="2022-08-08T13:35:48 IST" name="Suite" finished-at="2022-08-08T13:35:58 IST" duration-ms="9448">
    <groups>
    </groups>
    <test started-at="2022-08-08T13:35:48 IST" name="Test" finished-at="2022-08-08T13:35:58 IST" duration-ms="9448">
      <class name="TestMethods.DashboardMethods">
        <test-method is-config="true" signature="createObject()[pri:0, instance:TestMethods.DashboardMethods@54e1c68b]" started-at="2022-08-08T13:35:50 IST" name="createObject" finished-at="2022-08-08T13:35:50 IST" duration-ms="4" status="PASS">
          <reporter-output>
          </reporter-output>
        </test-method> <!-- createObject -->
        <test-method signature="searchSharesTest()[pri:3, instance:TestMethods.DashboardMethods@54e1c68b]" started-at="2022-08-08T13:35:50 IST" name="searchSharesTest" finished-at="2022-08-08T13:35:57 IST" duration-ms="6866" status="PASS">
          <reporter-output>
          </reporter-output>
        </test-method> <!-- searchSharesTest -->
        <test-method signature="validateBuyShare()[pri:4, instance:TestMethods.DashboardMethods@54e1c68b]" started-at="2022-08-08T13:35:57 IST" name="validateBuyShare" finished-at="2022-08-08T13:35:57 IST" duration-ms="585" status="PASS">
          <reporter-output>
          </reporter-output>
        </test-method> <!-- validateBuyShare -->
        <test-method signature="validateshare()[pri:5, instance:TestMethods.DashboardMethods@54e1c68b]" started-at="2022-08-08T13:35:57 IST" name="validateshare" finished-at="2022-08-08T13:35:58 IST" duration-ms="536" status="PASS">
          <reporter-output>
          </reporter-output>
        </test-method> <!-- validateshare -->
      </class> <!-- TestMethods.DashboardMethods -->
      <class name="TestMethods.TestNgMethods">
        <test-method is-config="true" signature="initBrowser()[pri:0, instance:TestMethods.TestNgMethods@59505b48]" started-at="2022-08-08T13:35:39 IST" name="initBrowser" finished-at="2022-08-08T13:35:48 IST" duration-ms="9026" status="PASS">
          <reporter-output>
          </reporter-output>
        </test-method> <!-- initBrowser -->
        <test-method is-config="true" signature="createObject()[pri:0, instance:TestMethods.TestNgMethods@59505b48]" started-at="2022-08-08T13:35:48 IST" name="createObject" finished-at="2022-08-08T13:35:48 IST" duration-ms="81" status="PASS">
          <reporter-output>
          </reporter-output>
        </test-method> <!-- createObject -->
        <test-method signature="validateLogin()[pri:1, instance:TestMethods.TestNgMethods@59505b48]" started-at="2022-08-08T13:35:48 IST" name="validateLogin" finished-at="2022-08-08T13:35:50 IST" duration-ms="1177" status="PASS">
          <reporter-output>
          </reporter-output>
        </test-method> <!-- validateLogin -->
        <test-method signature="validateTitle()[pri:2, instance:TestMethods.TestNgMethods@59505b48]" started-at="2022-08-08T13:35:50 IST" name="validateTitle" finished-at="2022-08-08T13:35:50 IST" duration-ms="21" status="PASS">
          <reporter-output>
          </reporter-output>
        </test-method> <!-- validateTitle -->
        <test-method is-config="true" signature="tearDown()[pri:0, instance:TestMethods.TestNgMethods@59505b48]" started-at="2022-08-08T13:35:58 IST" name="tearDown" finished-at="2022-08-08T13:35:58 IST" duration-ms="585" status="PASS">
          <reporter-output>
          </reporter-output>
        </test-method> <!-- tearDown -->
      </class> <!-- TestMethods.TestNgMethods -->
    </test> <!-- Test -->
  </suite> <!-- Suite -->
</testng-results>
